2016-02-09 19:46:58 Error: [Cake\Routing\Exception\MissingControllerException] Controller class Testproxy.php could not be found.
Exception Attributes: array (
  'class' => 'Testproxy.php',
  'plugin' => NULL,
  'prefix' => NULL,
  '_ext' => NULL,
)
Request URL: /testproxy.php
Stack Trace:
#0 /var/www/html/cake3/webroot/index.php(37): Cake\Routing\Dispatcher->dispatch(Object(Cake\Network\Request), Object(Cake\Network\Response))
#1 {main}


2016-02-10 13:06:48 Error: [Cake\Routing\Exception\MissingControllerException] Controller class Testproxy.php could not be found.
Exception Attributes: array (
  'class' => 'Testproxy.php',
  'plugin' => NULL,
  'prefix' => NULL,
  '_ext' => NULL,
)
Request URL: /testproxy.php
Stack Trace:
#0 /var/www/html/cake3/webroot/index.php(37): Cake\Routing\Dispatcher->dispatch(Object(Cake\Network\Request), Object(Cake\Network\Response))
#1 {main}


2016-02-10 21:18:44 Error: [Cake\Routing\Exception\MissingControllerException] Controller class Testproxy.php could not be found.
Exception Attributes: array (
  'class' => 'Testproxy.php',
  'plugin' => NULL,
  'prefix' => NULL,
  '_ext' => NULL,
)
Request URL: /testproxy.php
Stack Trace:
#0 /var/www/html/cake3/webroot/index.php(37): Cake\Routing\Dispatcher->dispatch(Object(Cake\Network\Request), Object(Cake\Network\Response))
#1 {main}


2016-02-11 04:59:56 Error: [Cake\Routing\Exception\MissingControllerException] Controller class Testproxy.php could not be found.
Exception Attributes: array (
  'class' => 'Testproxy.php',
  'plugin' => NULL,
  'prefix' => NULL,
  '_ext' => NULL,
)
Request URL: /testproxy.php
Stack Trace:
#0 /var/www/html/cake3/webroot/index.php(37): Cake\Routing\Dispatcher->dispatch(Object(Cake\Network\Request), Object(Cake\Network\Response))
#1 {main}


2016-02-16 06:46:03 Error: [Cake\Controller\Exception\MissingActionException] Action UsersController::login() could not be found, or is not accessible.
Exception Attributes: array (
  'controller' => 'UsersController',
  'action' => 'login',
  'prefix' => '',
  'plugin' => NULL,
)
Request URL: /users/login
Stack Trace:
#0 /var/www/html/cake3/vendor/cakephp/cakephp/src/Routing/Dispatcher.php(114): Cake\Controller\Controller->invokeAction()
#1 /var/www/html/cake3/vendor/cakephp/cakephp/src/Routing/Dispatcher.php(87): Cake\Routing\Dispatcher->_invoke(Object(App\Controller\UsersController))
#2 /var/www/html/cake3/webroot/index.php(37): Cake\Routing\Dispatcher->dispatch(Object(Cake\Network\Request), Object(Cake\Network\Response))
#3 {main}


2016-02-16 06:46:03 Error: [Cake\Controller\Exception\MissingActionException] Action UsersController::login() could not be found, or is not accessible.
Exception Attributes: array (
  'controller' => 'UsersController',
  'action' => 'login',
  'prefix' => '',
  'plugin' => NULL,
)
Request URL: /users/login
Stack Trace:
#0 /var/www/html/cake3/vendor/cakephp/cakephp/src/Routing/Dispatcher.php(114): Cake\Controller\Controller->invokeAction()
#1 /var/www/html/cake3/vendor/cakephp/cakephp/src/Routing/Dispatcher.php(87): Cake\Routing\Dispatcher->_invoke(Object(App\Controller\UsersController))
#2 /var/www/html/cake3/webroot/index.php(37): Cake\Routing\Dispatcher->dispatch(Object(Cake\Network\Request), Object(Cake\Network\Response))
#3 {main}


